<?xml version="1.0" encoding="UTF-8"?>
<testsuite xmlns:xsi="http://www.w3.org/2001/XMLSchema-instance" xsi:noNamespaceSchemaLocation="https://maven.apache.org/surefire/maven-surefire-plugin/xsd/surefire-test-report.xsd" name="com.lantone.es.ESDocTests" time="0.011" tests="1" errors="0" skipped="0" failures="0">
  <properties>
    <property name="sun.desktop" value="windows"/>
    <property name="awt.toolkit" value="sun.awt.windows.WToolkit"/>
    <property name="file.encoding.pkg" value="sun.io"/>
    <property name="java.specification.version" value="1.8"/>
    <property name="sun.cpu.isalist" value="amd64"/>
    <property name="sun.jnu.encoding" value="GBK"/>
    <property name="java.class.path" value="E:\ideaProject\cloud-demo\es-api\target\test-classes;E:\ideaProject\cloud-demo\es-api\target\classes;D:\soft\apache-maven-3.1.1\repository_2021\org\springframework\boot\spring-boot-starter-web\2.3.9.RELEASE\spring-boot-starter-web-2.3.9.RELEASE.jar;D:\soft\apache-maven-3.1.1\repository_2021\org\springframework\boot\spring-boot-starter\2.3.9.RELEASE\spring-boot-starter-2.3.9.RELEASE.jar;D:\soft\apache-maven-3.1.1\repository_2021\org\springframework\boot\spring-boot\2.3.9.RELEASE\spring-boot-2.3.9.RELEASE.jar;D:\soft\apache-maven-3.1.1\repository_2021\org\springframework\boot\spring-boot-starter-logging\2.3.9.RELEASE\spring-boot-starter-logging-2.3.9.RELEASE.jar;D:\soft\apache-maven-3.1.1\repository_2021\ch\qos\logback\logback-classic\1.2.3\logback-classic-1.2.3.jar;D:\soft\apache-maven-3.1.1\repository_2021\ch\qos\logback\logback-core\1.2.3\logback-core-1.2.3.jar;D:\soft\apache-maven-3.1.1\repository_2021\org\apache\logging\log4j\log4j-to-slf4j\2.13.3\log4j-to-slf4j-2.13.3.jar;D:\soft\apache-maven-3.1.1\repository_2021\org\slf4j\jul-to-slf4j\1.7.30\jul-to-slf4j-1.7.30.jar;D:\soft\apache-maven-3.1.1\repository_2021\jakarta\annotation\jakarta.annotation-api\1.3.5\jakarta.annotation-api-1.3.5.jar;D:\soft\apache-maven-3.1.1\repository_2021\org\yaml\snakeyaml\1.26\snakeyaml-1.26.jar;D:\soft\apache-maven-3.1.1\repository_2021\org\springframework\boot\spring-boot-starter-json\2.3.9.RELEASE\spring-boot-starter-json-2.3.9.RELEASE.jar;D:\soft\apache-maven-3.1.1\repository_2021\com\fasterxml\jackson\core\jackson-databind\2.11.4\jackson-databind-2.11.4.jar;D:\soft\apache-maven-3.1.1\repository_2021\com\fasterxml\jackson\datatype\jackson-datatype-jdk8\2.11.4\jackson-datatype-jdk8-2.11.4.jar;D:\soft\apache-maven-3.1.1\repository_2021\com\fasterxml\jackson\datatype\jackson-datatype-jsr310\2.11.4\jackson-datatype-jsr310-2.11.4.jar;D:\soft\apache-maven-3.1.1\repository_2021\com\fasterxml\jackson\module\jackson-module-parameter-names\2.11.4\jackson-module-parameter-names-2.11.4.jar;D:\soft\apache-maven-3.1.1\repository_2021\org\springframework\spring-web\5.2.13.RELEASE\spring-web-5.2.13.RELEASE.jar;D:\soft\apache-maven-3.1.1\repository_2021\org\springframework\spring-beans\5.2.13.RELEASE\spring-beans-5.2.13.RELEASE.jar;D:\soft\apache-maven-3.1.1\repository_2021\org\springframework\spring-webmvc\5.2.13.RELEASE\spring-webmvc-5.2.13.RELEASE.jar;D:\soft\apache-maven-3.1.1\repository_2021\org\springframework\spring-aop\5.2.13.RELEASE\spring-aop-5.2.13.RELEASE.jar;D:\soft\apache-maven-3.1.1\repository_2021\org\springframework\spring-context\5.2.13.RELEASE\spring-context-5.2.13.RELEASE.jar;D:\soft\apache-maven-3.1.1\repository_2021\org\springframework\spring-expression\5.2.13.RELEASE\spring-expression-5.2.13.RELEASE.jar;D:\soft\apache-maven-3.1.1\repository_2021\org\springframework\boot\spring-boot-starter-undertow\2.3.9.RELEASE\spring-boot-starter-undertow-2.3.9.RELEASE.jar;D:\soft\apache-maven-3.1.1\repository_2021\io\undertow\undertow-core\2.1.6.Final\undertow-core-2.1.6.Final.jar;D:\soft\apache-maven-3.1.1\repository_2021\org\jboss\logging\jboss-logging\3.4.1.Final\jboss-logging-3.4.1.Final.jar;D:\soft\apache-maven-3.1.1\repository_2021\org\jboss\xnio\xnio-api\3.8.0.Final\xnio-api-3.8.0.Final.jar;D:\soft\apache-maven-3.1.1\repository_2021\org\wildfly\common\wildfly-common\1.5.2.Final\wildfly-common-1.5.2.Final.jar;D:\soft\apache-maven-3.1.1\repository_2021\org\wildfly\client\wildfly-client-config\1.0.1.Final\wildfly-client-config-1.0.1.Final.jar;D:\soft\apache-maven-3.1.1\repository_2021\org\jboss\xnio\xnio-nio\3.8.0.Final\xnio-nio-3.8.0.Final.jar;D:\soft\apache-maven-3.1.1\repository_2021\org\jboss\threads\jboss-threads\3.1.0.Final\jboss-threads-3.1.0.Final.jar;D:\soft\apache-maven-3.1.1\repository_2021\io\undertow\undertow-servlet\2.1.6.Final\undertow-servlet-2.1.6.Final.jar;D:\soft\apache-maven-3.1.1\repository_2021\org\jboss\spec\javax\annotation\jboss-annotations-api_1.3_spec\2.0.1.Final\jboss-annotations-api_1.3_spec-2.0.1.Final.jar;D:\soft\apache-maven-3.1.1\repository_2021\io\undertow\undertow-websockets-jsr\2.1.6.Final\undertow-websockets-jsr-2.1.6.Final.jar;D:\soft\apache-maven-3.1.1\repository_2021\org\jboss\spec\javax\websocket\jboss-websocket-api_1.1_spec\2.0.0.Final\jboss-websocket-api_1.1_spec-2.0.0.Final.jar;D:\soft\apache-maven-3.1.1\repository_2021\jakarta\servlet\jakarta.servlet-api\4.0.4\jakarta.servlet-api-4.0.4.jar;D:\soft\apache-maven-3.1.1\repository_2021\org\glassfish\jakarta.el\3.0.3\jakarta.el-3.0.3.jar;D:\soft\apache-maven-3.1.1\repository_2021\org\springframework\boot\spring-boot-starter-freemarker\2.3.9.RELEASE\spring-boot-starter-freemarker-2.3.9.RELEASE.jar;D:\soft\apache-maven-3.1.1\repository_2021\org\freemarker\freemarker\2.3.31\freemarker-2.3.31.jar;D:\soft\apache-maven-3.1.1\repository_2021\org\springframework\spring-context-support\5.2.13.RELEASE\spring-context-support-5.2.13.RELEASE.jar;D:\soft\apache-maven-3.1.1\repository_2021\org\springframework\boot\spring-boot-starter-test\2.3.9.RELEASE\spring-boot-starter-test-2.3.9.RELEASE.jar;D:\soft\apache-maven-3.1.1\repository_2021\org\springframework\boot\spring-boot-test\2.3.9.RELEASE\spring-boot-test-2.3.9.RELEASE.jar;D:\soft\apache-maven-3.1.1\repository_2021\org\springframework\boot\spring-boot-test-autoconfigure\2.3.9.RELEASE\spring-boot-test-autoconfigure-2.3.9.RELEASE.jar;D:\soft\apache-maven-3.1.1\repository_2021\com\jayway\jsonpath\json-path\2.4.0\json-path-2.4.0.jar;D:\soft\apache-maven-3.1.1\repository_2021\net\minidev\json-smart\2.3\json-smart-2.3.jar;D:\soft\apache-maven-3.1.1\repository_2021\net\minidev\accessors-smart\1.2\accessors-smart-1.2.jar;D:\soft\apache-maven-3.1.1\repository_2021\org\ow2\asm\asm\5.0.4\asm-5.0.4.jar;D:\soft\apache-maven-3.1.1\repository_2021\jakarta\xml\bind\jakarta.xml.bind-api\2.3.3\jakarta.xml.bind-api-2.3.3.jar;D:\soft\apache-maven-3.1.1\repository_2021\jakarta\activation\jakarta.activation-api\1.2.2\jakarta.activation-api-1.2.2.jar;D:\soft\apache-maven-3.1.1\repository_2021\org\assertj\assertj-core\3.16.1\assertj-core-3.16.1.jar;D:\soft\apache-maven-3.1.1\repository_2021\org\hamcrest\hamcrest\2.2\hamcrest-2.2.jar;D:\soft\apache-maven-3.1.1\repository_2021\org\junit\jupiter\junit-jupiter\5.6.3\junit-jupiter-5.6.3.jar;D:\soft\apache-maven-3.1.1\repository_2021\org\junit\jupiter\junit-jupiter-api\5.6.3\junit-jupiter-api-5.6.3.jar;D:\soft\apache-maven-3.1.1\repository_2021\org\opentest4j\opentest4j\1.2.0\opentest4j-1.2.0.jar;D:\soft\apache-maven-3.1.1\repository_2021\org\junit\platform\junit-platform-commons\1.6.3\junit-platform-commons-1.6.3.jar;D:\soft\apache-maven-3.1.1\repository_2021\org\junit\jupiter\junit-jupiter-params\5.6.3\junit-jupiter-params-5.6.3.jar;D:\soft\apache-maven-3.1.1\repository_2021\org\junit\jupiter\junit-jupiter-engine\5.6.3\junit-jupiter-engine-5.6.3.jar;D:\soft\apache-maven-3.1.1\repository_2021\org\junit\vintage\junit-vintage-engine\5.6.3\junit-vintage-engine-5.6.3.jar;D:\soft\apache-maven-3.1.1\repository_2021\org\apiguardian\apiguardian-api\1.1.0\apiguardian-api-1.1.0.jar;D:\soft\apache-maven-3.1.1\repository_2021\org\junit\platform\junit-platform-engine\1.6.3\junit-platform-engine-1.6.3.jar;D:\soft\apache-maven-3.1.1\repository_2021\junit\junit\4.13.2\junit-4.13.2.jar;D:\soft\apache-maven-3.1.1\repository_2021\org\mockito\mockito-core\3.3.3\mockito-core-3.3.3.jar;D:\soft\apache-maven-3.1.1\repository_2021\net\bytebuddy\byte-buddy\1.10.20\byte-buddy-1.10.20.jar;D:\soft\apache-maven-3.1.1\repository_2021\net\bytebuddy\byte-buddy-agent\1.10.20\byte-buddy-agent-1.10.20.jar;D:\soft\apache-maven-3.1.1\repository_2021\org\objenesis\objenesis\2.6\objenesis-2.6.jar;D:\soft\apache-maven-3.1.1\repository_2021\org\mockito\mockito-junit-jupiter\3.3.3\mockito-junit-jupiter-3.3.3.jar;D:\soft\apache-maven-3.1.1\repository_2021\org\skyscreamer\jsonassert\1.5.0\jsonassert-1.5.0.jar;D:\soft\apache-maven-3.1.1\repository_2021\com\vaadin\external\google\android-json\0.0.20131108.vaadin1\android-json-0.0.20131108.vaadin1.jar;D:\soft\apache-maven-3.1.1\repository_2021\org\springframework\spring-core\5.2.13.RELEASE\spring-core-5.2.13.RELEASE.jar;D:\soft\apache-maven-3.1.1\repository_2021\org\springframework\spring-jcl\5.2.13.RELEASE\spring-jcl-5.2.13.RELEASE.jar;D:\soft\apache-maven-3.1.1\repository_2021\org\springframework\spring-test\5.2.13.RELEASE\spring-test-5.2.13.RELEASE.jar;D:\soft\apache-maven-3.1.1\repository_2021\org\xmlunit\xmlunit-core\2.7.0\xmlunit-core-2.7.0.jar;D:\soft\apache-maven-3.1.1\repository_2021\org\elasticsearch\client\elasticsearch-rest-high-level-client\7.12.1\elasticsearch-rest-high-level-client-7.12.1.jar;D:\soft\apache-maven-3.1.1\repository_2021\org\elasticsearch\client\elasticsearch-rest-client\7.12.1\elasticsearch-rest-client-7.12.1.jar;D:\soft\apache-maven-3.1.1\repository_2021\org\apache\httpcomponents\httpclient\4.5.13\httpclient-4.5.13.jar;D:\soft\apache-maven-3.1.1\repository_2021\org\apache\httpcomponents\httpcore\4.4.14\httpcore-4.4.14.jar;D:\soft\apache-maven-3.1.1\repository_2021\org\apache\httpcomponents\httpasyncclient\4.1.4\httpasyncclient-4.1.4.jar;D:\soft\apache-maven-3.1.1\repository_2021\org\apache\httpcomponents\httpcore-nio\4.4.14\httpcore-nio-4.4.14.jar;D:\soft\apache-maven-3.1.1\repository_2021\commons-codec\commons-codec\1.14\commons-codec-1.14.jar;D:\soft\apache-maven-3.1.1\repository_2021\org\elasticsearch\plugin\mapper-extras-client\7.12.1\mapper-extras-client-7.12.1.jar;D:\soft\apache-maven-3.1.1\repository_2021\org\elasticsearch\plugin\parent-join-client\7.12.1\parent-join-client-7.12.1.jar;D:\soft\apache-maven-3.1.1\repository_2021\org\elasticsearch\plugin\aggs-matrix-stats-client\7.12.1\aggs-matrix-stats-client-7.12.1.jar;D:\soft\apache-maven-3.1.1\repository_2021\org\elasticsearch\plugin\rank-eval-client\7.12.1\rank-eval-client-7.12.1.jar;D:\soft\apache-maven-3.1.1\repository_2021\org\elasticsearch\plugin\lang-mustache-client\7.12.1\lang-mustache-client-7.12.1.jar;D:\soft\apache-maven-3.1.1\repository_2021\com\github\spullara\mustache\java\compiler\0.9.6\compiler-0.9.6.jar;D:\soft\apache-maven-3.1.1\repository_2021\org\elasticsearch\elasticsearch\7.12.1\elasticsearch-7.12.1.jar;D:\soft\apache-maven-3.1.1\repository_2021\org\elasticsearch\elasticsearch-core\7.12.1\elasticsearch-core-7.12.1.jar;D:\soft\apache-maven-3.1.1\repository_2021\org\elasticsearch\elasticsearch-secure-sm\7.12.1\elasticsearch-secure-sm-7.12.1.jar;D:\soft\apache-maven-3.1.1\repository_2021\org\elasticsearch\elasticsearch-x-content\7.12.1\elasticsearch-x-content-7.12.1.jar;D:\soft\apache-maven-3.1.1\repository_2021\com\fasterxml\jackson\core\jackson-core\2.11.4\jackson-core-2.11.4.jar;D:\soft\apache-maven-3.1.1\repository_2021\com\fasterxml\jackson\dataformat\jackson-dataformat-smile\2.11.4\jackson-dataformat-smile-2.11.4.jar;D:\soft\apache-maven-3.1.1\repository_2021\com\fasterxml\jackson\dataformat\jackson-dataformat-yaml\2.11.4\jackson-dataformat-yaml-2.11.4.jar;D:\soft\apache-maven-3.1.1\repository_2021\com\fasterxml\jackson\dataformat\jackson-dataformat-cbor\2.11.4\jackson-dataformat-cbor-2.11.4.jar;D:\soft\apache-maven-3.1.1\repository_2021\org\elasticsearch\elasticsearch-geo\7.12.1\elasticsearch-geo-7.12.1.jar;D:\soft\apache-maven-3.1.1\repository_2021\org\apache\lucene\lucene-core\8.8.0\lucene-core-8.8.0.jar;D:\soft\apache-maven-3.1.1\repository_2021\org\apache\lucene\lucene-analyzers-common\8.8.0\lucene-analyzers-common-8.8.0.jar;D:\soft\apache-maven-3.1.1\repository_2021\org\apache\lucene\lucene-backward-codecs\8.8.0\lucene-backward-codecs-8.8.0.jar;D:\soft\apache-maven-3.1.1\repository_2021\org\apache\lucene\lucene-grouping\8.8.0\lucene-grouping-8.8.0.jar;D:\soft\apache-maven-3.1.1\repository_2021\org\apache\lucene\lucene-highlighter\8.8.0\lucene-highlighter-8.8.0.jar;D:\soft\apache-maven-3.1.1\repository_2021\org\apache\lucene\lucene-join\8.8.0\lucene-join-8.8.0.jar;D:\soft\apache-maven-3.1.1\repository_2021\org\apache\lucene\lucene-memory\8.8.0\lucene-memory-8.8.0.jar;D:\soft\apache-maven-3.1.1\repository_2021\org\apache\lucene\lucene-misc\8.8.0\lucene-misc-8.8.0.jar;D:\soft\apache-maven-3.1.1\repository_2021\org\apache\lucene\lucene-queries\8.8.0\lucene-queries-8.8.0.jar;D:\soft\apache-maven-3.1.1\repository_2021\org\apache\lucene\lucene-queryparser\8.8.0\lucene-queryparser-8.8.0.jar;D:\soft\apache-maven-3.1.1\repository_2021\org\apache\lucene\lucene-sandbox\8.8.0\lucene-sandbox-8.8.0.jar;D:\soft\apache-maven-3.1.1\repository_2021\org\apache\lucene\lucene-spatial-extras\8.8.0\lucene-spatial-extras-8.8.0.jar;D:\soft\apache-maven-3.1.1\repository_2021\org\apache\lucene\lucene-spatial3d\8.8.0\lucene-spatial3d-8.8.0.jar;D:\soft\apache-maven-3.1.1\repository_2021\org\apache\lucene\lucene-suggest\8.8.0\lucene-suggest-8.8.0.jar;D:\soft\apache-maven-3.1.1\repository_2021\org\elasticsearch\elasticsearch-cli\7.12.1\elasticsearch-cli-7.12.1.jar;D:\soft\apache-maven-3.1.1\repository_2021\net\sf\jopt-simple\jopt-simple\5.0.2\jopt-simple-5.0.2.jar;D:\soft\apache-maven-3.1.1\repository_2021\com\carrotsearch\hppc\0.8.1\hppc-0.8.1.jar;D:\soft\apache-maven-3.1.1\repository_2021\joda-time\joda-time\2.10.4\joda-time-2.10.4.jar;D:\soft\apache-maven-3.1.1\repository_2021\com\tdunning\t-digest\3.2\t-digest-3.2.jar;D:\soft\apache-maven-3.1.1\repository_2021\org\hdrhistogram\HdrHistogram\2.1.9\HdrHistogram-2.1.9.jar;D:\soft\apache-maven-3.1.1\repository_2021\org\apache\logging\log4j\log4j-api\2.13.3\log4j-api-2.13.3.jar;D:\soft\apache-maven-3.1.1\repository_2021\org\elasticsearch\jna\5.7.0-1\jna-5.7.0-1.jar;D:\soft\apache-maven-3.1.1\repository_2021\org\elasticsearch\elasticsearch-plugin-classloader\7.12.1\elasticsearch-plugin-classloader-7.12.1.jar;D:\soft\apache-maven-3.1.1\repository_2021\io\springfox\springfox-swagger2\2.10.5\springfox-swagger2-2.10.5.jar;D:\soft\apache-maven-3.1.1\repository_2021\io\swagger\swagger-annotations\1.5.20\swagger-annotations-1.5.20.jar;D:\soft\apache-maven-3.1.1\repository_2021\io\swagger\swagger-models\1.5.20\swagger-models-1.5.20.jar;D:\soft\apache-maven-3.1.1\repository_2021\com\fasterxml\jackson\core\jackson-annotations\2.11.4\jackson-annotations-2.11.4.jar;D:\soft\apache-maven-3.1.1\repository_2021\io\springfox\springfox-spi\2.10.5\springfox-spi-2.10.5.jar;D:\soft\apache-maven-3.1.1\repository_2021\io\springfox\springfox-core\2.10.5\springfox-core-2.10.5.jar;D:\soft\apache-maven-3.1.1\repository_2021\io\springfox\springfox-schema\2.10.5\springfox-schema-2.10.5.jar;D:\soft\apache-maven-3.1.1\repository_2021\io\springfox\springfox-swagger-common\2.10.5\springfox-swagger-common-2.10.5.jar;D:\soft\apache-maven-3.1.1\repository_2021\io\springfox\springfox-spring-web\2.10.5\springfox-spring-web-2.10.5.jar;D:\soft\apache-maven-3.1.1\repository_2021\io\github\classgraph\classgraph\4.1.7\classgraph-4.1.7.jar;D:\soft\apache-maven-3.1.1\repository_2021\com\fasterxml\classmate\1.5.1\classmate-1.5.1.jar;D:\soft\apache-maven-3.1.1\repository_2021\org\slf4j\slf4j-api\1.7.30\slf4j-api-1.7.30.jar;D:\soft\apache-maven-3.1.1\repository_2021\org\springframework\plugin\spring-plugin-core\2.0.0.RELEASE\spring-plugin-core-2.0.0.RELEASE.jar;D:\soft\apache-maven-3.1.1\repository_2021\org\springframework\plugin\spring-plugin-metadata\2.0.0.RELEASE\spring-plugin-metadata-2.0.0.RELEASE.jar;D:\soft\apache-maven-3.1.1\repository_2021\org\mapstruct\mapstruct\1.3.1.Final\mapstruct-1.3.1.Final.jar;D:\soft\apache-maven-3.1.1\repository_2021\io\springfox\springfox-swagger-ui\2.10.5\springfox-swagger-ui-2.10.5.jar;D:\soft\apache-maven-3.1.1\repository_2021\io\springfox\springfox-spring-webmvc\2.10.5\springfox-spring-webmvc-2.10.5.jar;D:\soft\apache-maven-3.1.1\repository_2021\mysql\mysql-connector-java\5.1.47\mysql-connector-java-5.1.47.jar;D:\soft\apache-maven-3.1.1\repository_2021\org\projectlombok\lombok\1.18.18\lombok-1.18.18.jar;D:\soft\apache-maven-3.1.1\repository_2021\com\baomidou\mybatis-plus-boot-starter\3.4.3.3\mybatis-plus-boot-starter-3.4.3.3.jar;D:\soft\apache-maven-3.1.1\repository_2021\com\baomidou\mybatis-plus\3.4.3.3\mybatis-plus-3.4.3.3.jar;D:\soft\apache-maven-3.1.1\repository_2021\org\springframework\boot\spring-boot-autoconfigure\2.3.9.RELEASE\spring-boot-autoconfigure-2.3.9.RELEASE.jar;D:\soft\apache-maven-3.1.1\repository_2021\org\springframework\boot\spring-boot-starter-jdbc\2.3.9.RELEASE\spring-boot-starter-jdbc-2.3.9.RELEASE.jar;D:\soft\apache-maven-3.1.1\repository_2021\com\zaxxer\HikariCP\3.4.5\HikariCP-3.4.5.jar;D:\soft\apache-maven-3.1.1\repository_2021\org\springframework\spring-jdbc\5.2.13.RELEASE\spring-jdbc-5.2.13.RELEASE.jar;D:\soft\apache-maven-3.1.1\repository_2021\org\springframework\spring-tx\5.2.13.RELEASE\spring-tx-5.2.13.RELEASE.jar;D:\soft\apache-maven-3.1.1\repository_2021\com\baomidou\mybatis-plus-extension\3.4.3.3\mybatis-plus-extension-3.4.3.3.jar;D:\soft\apache-maven-3.1.1\repository_2021\com\baomidou\mybatis-plus-core\3.4.3.3\mybatis-plus-core-3.4.3.3.jar;D:\soft\apache-maven-3.1.1\repository_2021\com\baomidou\mybatis-plus-annotation\3.4.3.3\mybatis-plus-annotation-3.4.3.3.jar;D:\soft\apache-maven-3.1.1\repository_2021\com\github\jsqlparser\jsqlparser\4.1\jsqlparser-4.1.jar;D:\soft\apache-maven-3.1.1\repository_2021\org\mybatis\mybatis-spring\2.0.6\mybatis-spring-2.0.6.jar;D:\soft\apache-maven-3.1.1\repository_2021\com\baomidou\mybatis-plus-generator\3.5.0\mybatis-plus-generator-3.5.0.jar;D:\soft\apache-maven-3.1.1\repository_2021\com\alibaba\druid-spring-boot-starter\1.2.6\druid-spring-boot-starter-1.2.6.jar;D:\soft\apache-maven-3.1.1\repository_2021\com\alibaba\druid\1.2.6\druid-1.2.6.jar;D:\soft\apache-maven-3.1.1\repository_2021\org\mybatis\spring\boot\mybatis-spring-boot-starter\2.2.0\mybatis-spring-boot-starter-2.2.0.jar;D:\soft\apache-maven-3.1.1\repository_2021\org\mybatis\spring\boot\mybatis-spring-boot-autoconfigure\2.2.0\mybatis-spring-boot-autoconfigure-2.2.0.jar;D:\soft\apache-maven-3.1.1\repository_2021\org\mybatis\mybatis\3.5.7\mybatis-3.5.7.jar;D:\soft\apache-maven-3.1.1\repository_2021\com\alibaba\fastjson\1.2.71\fastjson-1.2.71.jar;D:\soft\apache-maven-3.1.1\repository_2021\org\apache\commons\commons-lang3\3.10\commons-lang3-3.10.jar;"/>
    <property name="java.vm.vendor" value="Oracle Corporation"/>
    <property name="sun.arch.data.model" value="64"/>
    <property name="user.variant" value=""/>
    <property name="java.vendor.url" value="http://java.oracle.com/"/>
    <property name="user.timezone" value="Asia/Shanghai"/>
    <property name="java.vm.specification.version" value="1.8"/>
    <property name="os.name" value="Windows 7"/>
    <property name="user.country" value="CN"/>
    <property name="sun.java.launcher" value="SUN_STANDARD"/>
    <property name="sun.boot.library.path" value="D:\soft\jdk1.8.0_91\jre\bin"/>
    <property name="sun.java.command" value="C:\Users\DELL\AppData\Local\Temp\surefire6537718866248956216\surefirebooter3646623967523302360.jar C:\Users\DELL\AppData\Local\Temp\surefire6537718866248956216 2021-09-22T11-37-25_365-jvmRun1 surefire2722713861169066889tmp surefire_0360470793566000843tmp"/>
    <property name="surefire.test.class.path" value="E:\ideaProject\cloud-demo\es-api\target\test-classes;E:\ideaProject\cloud-demo\es-api\target\classes;D:\soft\apache-maven-3.1.1\repository_2021\org\springframework\boot\spring-boot-starter-web\2.3.9.RELEASE\spring-boot-starter-web-2.3.9.RELEASE.jar;D:\soft\apache-maven-3.1.1\repository_2021\org\springframework\boot\spring-boot-starter\2.3.9.RELEASE\spring-boot-starter-2.3.9.RELEASE.jar;D:\soft\apache-maven-3.1.1\repository_2021\org\springframework\boot\spring-boot\2.3.9.RELEASE\spring-boot-2.3.9.RELEASE.jar;D:\soft\apache-maven-3.1.1\repository_2021\org\springframework\boot\spring-boot-starter-logging\2.3.9.RELEASE\spring-boot-starter-logging-2.3.9.RELEASE.jar;D:\soft\apache-maven-3.1.1\repository_2021\ch\qos\logback\logback-classic\1.2.3\logback-classic-1.2.3.jar;D:\soft\apache-maven-3.1.1\repository_2021\ch\qos\logback\logback-core\1.2.3\logback-core-1.2.3.jar;D:\soft\apache-maven-3.1.1\repository_2021\org\apache\logging\log4j\log4j-to-slf4j\2.13.3\log4j-to-slf4j-2.13.3.jar;D:\soft\apache-maven-3.1.1\repository_2021\org\slf4j\jul-to-slf4j\1.7.30\jul-to-slf4j-1.7.30.jar;D:\soft\apache-maven-3.1.1\repository_2021\jakarta\annotation\jakarta.annotation-api\1.3.5\jakarta.annotation-api-1.3.5.jar;D:\soft\apache-maven-3.1.1\repository_2021\org\yaml\snakeyaml\1.26\snakeyaml-1.26.jar;D:\soft\apache-maven-3.1.1\repository_2021\org\springframework\boot\spring-boot-starter-json\2.3.9.RELEASE\spring-boot-starter-json-2.3.9.RELEASE.jar;D:\soft\apache-maven-3.1.1\repository_2021\com\fasterxml\jackson\core\jackson-databind\2.11.4\jackson-databind-2.11.4.jar;D:\soft\apache-maven-3.1.1\repository_2021\com\fasterxml\jackson\datatype\jackson-datatype-jdk8\2.11.4\jackson-datatype-jdk8-2.11.4.jar;D:\soft\apache-maven-3.1.1\repository_2021\com\fasterxml\jackson\datatype\jackson-datatype-jsr310\2.11.4\jackson-datatype-jsr310-2.11.4.jar;D:\soft\apache-maven-3.1.1\repository_2021\com\fasterxml\jackson\module\jackson-module-parameter-names\2.11.4\jackson-module-parameter-names-2.11.4.jar;D:\soft\apache-maven-3.1.1\repository_2021\org\springframework\spring-web\5.2.13.RELEASE\spring-web-5.2.13.RELEASE.jar;D:\soft\apache-maven-3.1.1\repository_2021\org\springframework\spring-beans\5.2.13.RELEASE\spring-beans-5.2.13.RELEASE.jar;D:\soft\apache-maven-3.1.1\repository_2021\org\springframework\spring-webmvc\5.2.13.RELEASE\spring-webmvc-5.2.13.RELEASE.jar;D:\soft\apache-maven-3.1.1\repository_2021\org\springframework\spring-aop\5.2.13.RELEASE\spring-aop-5.2.13.RELEASE.jar;D:\soft\apache-maven-3.1.1\repository_2021\org\springframework\spring-context\5.2.13.RELEASE\spring-context-5.2.13.RELEASE.jar;D:\soft\apache-maven-3.1.1\repository_2021\org\springframework\spring-expression\5.2.13.RELEASE\spring-expression-5.2.13.RELEASE.jar;D:\soft\apache-maven-3.1.1\repository_2021\org\springframework\boot\spring-boot-starter-undertow\2.3.9.RELEASE\spring-boot-starter-undertow-2.3.9.RELEASE.jar;D:\soft\apache-maven-3.1.1\repository_2021\io\undertow\undertow-core\2.1.6.Final\undertow-core-2.1.6.Final.jar;D:\soft\apache-maven-3.1.1\repository_2021\org\jboss\logging\jboss-logging\3.4.1.Final\jboss-logging-3.4.1.Final.jar;D:\soft\apache-maven-3.1.1\repository_2021\org\jboss\xnio\xnio-api\3.8.0.Final\xnio-api-3.8.0.Final.jar;D:\soft\apache-maven-3.1.1\repository_2021\org\wildfly\common\wildfly-common\1.5.2.Final\wildfly-common-1.5.2.Final.jar;D:\soft\apache-maven-3.1.1\repository_2021\org\wildfly\client\wildfly-client-config\1.0.1.Final\wildfly-client-config-1.0.1.Final.jar;D:\soft\apache-maven-3.1.1\repository_2021\org\jboss\xnio\xnio-nio\3.8.0.Final\xnio-nio-3.8.0.Final.jar;D:\soft\apache-maven-3.1.1\repository_2021\org\jboss\threads\jboss-threads\3.1.0.Final\jboss-threads-3.1.0.Final.jar;D:\soft\apache-maven-3.1.1\repository_2021\io\undertow\undertow-servlet\2.1.6.Final\undertow-servlet-2.1.6.Final.jar;D:\soft\apache-maven-3.1.1\repository_2021\org\jboss\spec\javax\annotation\jboss-annotations-api_1.3_spec\2.0.1.Final\jboss-annotations-api_1.3_spec-2.0.1.Final.jar;D:\soft\apache-maven-3.1.1\repository_2021\io\undertow\undertow-websockets-jsr\2.1.6.Final\undertow-websockets-jsr-2.1.6.Final.jar;D:\soft\apache-maven-3.1.1\repository_2021\org\jboss\spec\javax\websocket\jboss-websocket-api_1.1_spec\2.0.0.Final\jboss-websocket-api_1.1_spec-2.0.0.Final.jar;D:\soft\apache-maven-3.1.1\repository_2021\jakarta\servlet\jakarta.servlet-api\4.0.4\jakarta.servlet-api-4.0.4.jar;D:\soft\apache-maven-3.1.1\repository_2021\org\glassfish\jakarta.el\3.0.3\jakarta.el-3.0.3.jar;D:\soft\apache-maven-3.1.1\repository_2021\org\springframework\boot\spring-boot-starter-freemarker\2.3.9.RELEASE\spring-boot-starter-freemarker-2.3.9.RELEASE.jar;D:\soft\apache-maven-3.1.1\repository_2021\org\freemarker\freemarker\2.3.31\freemarker-2.3.31.jar;D:\soft\apache-maven-3.1.1\repository_2021\org\springframework\spring-context-support\5.2.13.RELEASE\spring-context-support-5.2.13.RELEASE.jar;D:\soft\apache-maven-3.1.1\repository_2021\org\springframework\boot\spring-boot-starter-test\2.3.9.RELEASE\spring-boot-starter-test-2.3.9.RELEASE.jar;D:\soft\apache-maven-3.1.1\repository_2021\org\springframework\boot\spring-boot-test\2.3.9.RELEASE\spring-boot-test-2.3.9.RELEASE.jar;D:\soft\apache-maven-3.1.1\repository_2021\org\springframework\boot\spring-boot-test-autoconfigure\2.3.9.RELEASE\spring-boot-test-autoconfigure-2.3.9.RELEASE.jar;D:\soft\apache-maven-3.1.1\repository_2021\com\jayway\jsonpath\json-path\2.4.0\json-path-2.4.0.jar;D:\soft\apache-maven-3.1.1\repository_2021\net\minidev\json-smart\2.3\json-smart-2.3.jar;D:\soft\apache-maven-3.1.1\repository_2021\net\minidev\accessors-smart\1.2\accessors-smart-1.2.jar;D:\soft\apache-maven-3.1.1\repository_2021\org\ow2\asm\asm\5.0.4\asm-5.0.4.jar;D:\soft\apache-maven-3.1.1\repository_2021\jakarta\xml\bind\jakarta.xml.bind-api\2.3.3\jakarta.xml.bind-api-2.3.3.jar;D:\soft\apache-maven-3.1.1\repository_2021\jakarta\activation\jakarta.activation-api\1.2.2\jakarta.activation-api-1.2.2.jar;D:\soft\apache-maven-3.1.1\repository_2021\org\assertj\assertj-core\3.16.1\assertj-core-3.16.1.jar;D:\soft\apache-maven-3.1.1\repository_2021\org\hamcrest\hamcrest\2.2\hamcrest-2.2.jar;D:\soft\apache-maven-3.1.1\repository_2021\org\junit\jupiter\junit-jupiter\5.6.3\junit-jupiter-5.6.3.jar;D:\soft\apache-maven-3.1.1\repository_2021\org\junit\jupiter\junit-jupiter-api\5.6.3\junit-jupiter-api-5.6.3.jar;D:\soft\apache-maven-3.1.1\repository_2021\org\opentest4j\opentest4j\1.2.0\opentest4j-1.2.0.jar;D:\soft\apache-maven-3.1.1\repository_2021\org\junit\platform\junit-platform-commons\1.6.3\junit-platform-commons-1.6.3.jar;D:\soft\apache-maven-3.1.1\repository_2021\org\junit\jupiter\junit-jupiter-params\5.6.3\junit-jupiter-params-5.6.3.jar;D:\soft\apache-maven-3.1.1\repository_2021\org\junit\jupiter\junit-jupiter-engine\5.6.3\junit-jupiter-engine-5.6.3.jar;D:\soft\apache-maven-3.1.1\repository_2021\org\junit\vintage\junit-vintage-engine\5.6.3\junit-vintage-engine-5.6.3.jar;D:\soft\apache-maven-3.1.1\repository_2021\org\apiguardian\apiguardian-api\1.1.0\apiguardian-api-1.1.0.jar;D:\soft\apache-maven-3.1.1\repository_2021\org\junit\platform\junit-platform-engine\1.6.3\junit-platform-engine-1.6.3.jar;D:\soft\apache-maven-3.1.1\repository_2021\junit\junit\4.13.2\junit-4.13.2.jar;D:\soft\apache-maven-3.1.1\repository_2021\org\mockito\mockito-core\3.3.3\mockito-core-3.3.3.jar;D:\soft\apache-maven-3.1.1\repository_2021\net\bytebuddy\byte-buddy\1.10.20\byte-buddy-1.10.20.jar;D:\soft\apache-maven-3.1.1\repository_2021\net\bytebuddy\byte-buddy-agent\1.10.20\byte-buddy-agent-1.10.20.jar;D:\soft\apache-maven-3.1.1\repository_2021\org\objenesis\objenesis\2.6\objenesis-2.6.jar;D:\soft\apache-maven-3.1.1\repository_2021\org\mockito\mockito-junit-jupiter\3.3.3\mockito-junit-jupiter-3.3.3.jar;D:\soft\apache-maven-3.1.1\repository_2021\org\skyscreamer\jsonassert\1.5.0\jsonassert-1.5.0.jar;D:\soft\apache-maven-3.1.1\repository_2021\com\vaadin\external\google\android-json\0.0.20131108.vaadin1\android-json-0.0.20131108.vaadin1.jar;D:\soft\apache-maven-3.1.1\repository_2021\org\springframework\spring-core\5.2.13.RELEASE\spring-core-5.2.13.RELEASE.jar;D:\soft\apache-maven-3.1.1\repository_2021\org\springframework\spring-jcl\5.2.13.RELEASE\spring-jcl-5.2.13.RELEASE.jar;D:\soft\apache-maven-3.1.1\repository_2021\org\springframework\spring-test\5.2.13.RELEASE\spring-test-5.2.13.RELEASE.jar;D:\soft\apache-maven-3.1.1\repository_2021\org\xmlunit\xmlunit-core\2.7.0\xmlunit-core-2.7.0.jar;D:\soft\apache-maven-3.1.1\repository_2021\org\elasticsearch\client\elasticsearch-rest-high-level-client\7.12.1\elasticsearch-rest-high-level-client-7.12.1.jar;D:\soft\apache-maven-3.1.1\repository_2021\org\elasticsearch\client\elasticsearch-rest-client\7.12.1\elasticsearch-rest-client-7.12.1.jar;D:\soft\apache-maven-3.1.1\repository_2021\org\apache\httpcomponents\httpclient\4.5.13\httpclient-4.5.13.jar;D:\soft\apache-maven-3.1.1\repository_2021\org\apache\httpcomponents\httpcore\4.4.14\httpcore-4.4.14.jar;D:\soft\apache-maven-3.1.1\repository_2021\org\apache\httpcomponents\httpasyncclient\4.1.4\httpasyncclient-4.1.4.jar;D:\soft\apache-maven-3.1.1\repository_2021\org\apache\httpcomponents\httpcore-nio\4.4.14\httpcore-nio-4.4.14.jar;D:\soft\apache-maven-3.1.1\repository_2021\commons-codec\commons-codec\1.14\commons-codec-1.14.jar;D:\soft\apache-maven-3.1.1\repository_2021\org\elasticsearch\plugin\mapper-extras-client\7.12.1\mapper-extras-client-7.12.1.jar;D:\soft\apache-maven-3.1.1\repository_2021\org\elasticsearch\plugin\parent-join-client\7.12.1\parent-join-client-7.12.1.jar;D:\soft\apache-maven-3.1.1\repository_2021\org\elasticsearch\plugin\aggs-matrix-stats-client\7.12.1\aggs-matrix-stats-client-7.12.1.jar;D:\soft\apache-maven-3.1.1\repository_2021\org\elasticsearch\plugin\rank-eval-client\7.12.1\rank-eval-client-7.12.1.jar;D:\soft\apache-maven-3.1.1\repository_2021\org\elasticsearch\plugin\lang-mustache-client\7.12.1\lang-mustache-client-7.12.1.jar;D:\soft\apache-maven-3.1.1\repository_2021\com\github\spullara\mustache\java\compiler\0.9.6\compiler-0.9.6.jar;D:\soft\apache-maven-3.1.1\repository_2021\org\elasticsearch\elasticsearch\7.12.1\elasticsearch-7.12.1.jar;D:\soft\apache-maven-3.1.1\repository_2021\org\elasticsearch\elasticsearch-core\7.12.1\elasticsearch-core-7.12.1.jar;D:\soft\apache-maven-3.1.1\repository_2021\org\elasticsearch\elasticsearch-secure-sm\7.12.1\elasticsearch-secure-sm-7.12.1.jar;D:\soft\apache-maven-3.1.1\repository_2021\org\elasticsearch\elasticsearch-x-content\7.12.1\elasticsearch-x-content-7.12.1.jar;D:\soft\apache-maven-3.1.1\repository_2021\com\fasterxml\jackson\core\jackson-core\2.11.4\jackson-core-2.11.4.jar;D:\soft\apache-maven-3.1.1\repository_2021\com\fasterxml\jackson\dataformat\jackson-dataformat-smile\2.11.4\jackson-dataformat-smile-2.11.4.jar;D:\soft\apache-maven-3.1.1\repository_2021\com\fasterxml\jackson\dataformat\jackson-dataformat-yaml\2.11.4\jackson-dataformat-yaml-2.11.4.jar;D:\soft\apache-maven-3.1.1\repository_2021\com\fasterxml\jackson\dataformat\jackson-dataformat-cbor\2.11.4\jackson-dataformat-cbor-2.11.4.jar;D:\soft\apache-maven-3.1.1\repository_2021\org\elasticsearch\elasticsearch-geo\7.12.1\elasticsearch-geo-7.12.1.jar;D:\soft\apache-maven-3.1.1\repository_2021\org\apache\lucene\lucene-core\8.8.0\lucene-core-8.8.0.jar;D:\soft\apache-maven-3.1.1\repository_2021\org\apache\lucene\lucene-analyzers-common\8.8.0\lucene-analyzers-common-8.8.0.jar;D:\soft\apache-maven-3.1.1\repository_2021\org\apache\lucene\lucene-backward-codecs\8.8.0\lucene-backward-codecs-8.8.0.jar;D:\soft\apache-maven-3.1.1\repository_2021\org\apache\lucene\lucene-grouping\8.8.0\lucene-grouping-8.8.0.jar;D:\soft\apache-maven-3.1.1\repository_2021\org\apache\lucene\lucene-highlighter\8.8.0\lucene-highlighter-8.8.0.jar;D:\soft\apache-maven-3.1.1\repository_2021\org\apache\lucene\lucene-join\8.8.0\lucene-join-8.8.0.jar;D:\soft\apache-maven-3.1.1\repository_2021\org\apache\lucene\lucene-memory\8.8.0\lucene-memory-8.8.0.jar;D:\soft\apache-maven-3.1.1\repository_2021\org\apache\lucene\lucene-misc\8.8.0\lucene-misc-8.8.0.jar;D:\soft\apache-maven-3.1.1\repository_2021\org\apache\lucene\lucene-queries\8.8.0\lucene-queries-8.8.0.jar;D:\soft\apache-maven-3.1.1\repository_2021\org\apache\lucene\lucene-queryparser\8.8.0\lucene-queryparser-8.8.0.jar;D:\soft\apache-maven-3.1.1\repository_2021\org\apache\lucene\lucene-sandbox\8.8.0\lucene-sandbox-8.8.0.jar;D:\soft\apache-maven-3.1.1\repository_2021\org\apache\lucene\lucene-spatial-extras\8.8.0\lucene-spatial-extras-8.8.0.jar;D:\soft\apache-maven-3.1.1\repository_2021\org\apache\lucene\lucene-spatial3d\8.8.0\lucene-spatial3d-8.8.0.jar;D:\soft\apache-maven-3.1.1\repository_2021\org\apache\lucene\lucene-suggest\8.8.0\lucene-suggest-8.8.0.jar;D:\soft\apache-maven-3.1.1\repository_2021\org\elasticsearch\elasticsearch-cli\7.12.1\elasticsearch-cli-7.12.1.jar;D:\soft\apache-maven-3.1.1\repository_2021\net\sf\jopt-simple\jopt-simple\5.0.2\jopt-simple-5.0.2.jar;D:\soft\apache-maven-3.1.1\repository_2021\com\carrotsearch\hppc\0.8.1\hppc-0.8.1.jar;D:\soft\apache-maven-3.1.1\repository_2021\joda-time\joda-time\2.10.4\joda-time-2.10.4.jar;D:\soft\apache-maven-3.1.1\repository_2021\com\tdunning\t-digest\3.2\t-digest-3.2.jar;D:\soft\apache-maven-3.1.1\repository_2021\org\hdrhistogram\HdrHistogram\2.1.9\HdrHistogram-2.1.9.jar;D:\soft\apache-maven-3.1.1\repository_2021\org\apache\logging\log4j\log4j-api\2.13.3\log4j-api-2.13.3.jar;D:\soft\apache-maven-3.1.1\repository_2021\org\elasticsearch\jna\5.7.0-1\jna-5.7.0-1.jar;D:\soft\apache-maven-3.1.1\repository_2021\org\elasticsearch\elasticsearch-plugin-classloader\7.12.1\elasticsearch-plugin-classloader-7.12.1.jar;D:\soft\apache-maven-3.1.1\repository_2021\io\springfox\springfox-swagger2\2.10.5\springfox-swagger2-2.10.5.jar;D:\soft\apache-maven-3.1.1\repository_2021\io\swagger\swagger-annotations\1.5.20\swagger-annotations-1.5.20.jar;D:\soft\apache-maven-3.1.1\repository_2021\io\swagger\swagger-models\1.5.20\swagger-models-1.5.20.jar;D:\soft\apache-maven-3.1.1\repository_2021\com\fasterxml\jackson\core\jackson-annotations\2.11.4\jackson-annotations-2.11.4.jar;D:\soft\apache-maven-3.1.1\repository_2021\io\springfox\springfox-spi\2.10.5\springfox-spi-2.10.5.jar;D:\soft\apache-maven-3.1.1\repository_2021\io\springfox\springfox-core\2.10.5\springfox-core-2.10.5.jar;D:\soft\apache-maven-3.1.1\repository_2021\io\springfox\springfox-schema\2.10.5\springfox-schema-2.10.5.jar;D:\soft\apache-maven-3.1.1\repository_2021\io\springfox\springfox-swagger-common\2.10.5\springfox-swagger-common-2.10.5.jar;D:\soft\apache-maven-3.1.1\repository_2021\io\springfox\springfox-spring-web\2.10.5\springfox-spring-web-2.10.5.jar;D:\soft\apache-maven-3.1.1\repository_2021\io\github\classgraph\classgraph\4.1.7\classgraph-4.1.7.jar;D:\soft\apache-maven-3.1.1\repository_2021\com\fasterxml\classmate\1.5.1\classmate-1.5.1.jar;D:\soft\apache-maven-3.1.1\repository_2021\org\slf4j\slf4j-api\1.7.30\slf4j-api-1.7.30.jar;D:\soft\apache-maven-3.1.1\repository_2021\org\springframework\plugin\spring-plugin-core\2.0.0.RELEASE\spring-plugin-core-2.0.0.RELEASE.jar;D:\soft\apache-maven-3.1.1\repository_2021\org\springframework\plugin\spring-plugin-metadata\2.0.0.RELEASE\spring-plugin-metadata-2.0.0.RELEASE.jar;D:\soft\apache-maven-3.1.1\repository_2021\org\mapstruct\mapstruct\1.3.1.Final\mapstruct-1.3.1.Final.jar;D:\soft\apache-maven-3.1.1\repository_2021\io\springfox\springfox-swagger-ui\2.10.5\springfox-swagger-ui-2.10.5.jar;D:\soft\apache-maven-3.1.1\repository_2021\io\springfox\springfox-spring-webmvc\2.10.5\springfox-spring-webmvc-2.10.5.jar;D:\soft\apache-maven-3.1.1\repository_2021\mysql\mysql-connector-java\5.1.47\mysql-connector-java-5.1.47.jar;D:\soft\apache-maven-3.1.1\repository_2021\org\projectlombok\lombok\1.18.18\lombok-1.18.18.jar;D:\soft\apache-maven-3.1.1\repository_2021\com\baomidou\mybatis-plus-boot-starter\3.4.3.3\mybatis-plus-boot-starter-3.4.3.3.jar;D:\soft\apache-maven-3.1.1\repository_2021\com\baomidou\mybatis-plus\3.4.3.3\mybatis-plus-3.4.3.3.jar;D:\soft\apache-maven-3.1.1\repository_2021\org\springframework\boot\spring-boot-autoconfigure\2.3.9.RELEASE\spring-boot-autoconfigure-2.3.9.RELEASE.jar;D:\soft\apache-maven-3.1.1\repository_2021\org\springframework\boot\spring-boot-starter-jdbc\2.3.9.RELEASE\spring-boot-starter-jdbc-2.3.9.RELEASE.jar;D:\soft\apache-maven-3.1.1\repository_2021\com\zaxxer\HikariCP\3.4.5\HikariCP-3.4.5.jar;D:\soft\apache-maven-3.1.1\repository_2021\org\springframework\spring-jdbc\5.2.13.RELEASE\spring-jdbc-5.2.13.RELEASE.jar;D:\soft\apache-maven-3.1.1\repository_2021\org\springframework\spring-tx\5.2.13.RELEASE\spring-tx-5.2.13.RELEASE.jar;D:\soft\apache-maven-3.1.1\repository_2021\com\baomidou\mybatis-plus-extension\3.4.3.3\mybatis-plus-extension-3.4.3.3.jar;D:\soft\apache-maven-3.1.1\repository_2021\com\baomidou\mybatis-plus-core\3.4.3.3\mybatis-plus-core-3.4.3.3.jar;D:\soft\apache-maven-3.1.1\repository_2021\com\baomidou\mybatis-plus-annotation\3.4.3.3\mybatis-plus-annotation-3.4.3.3.jar;D:\soft\apache-maven-3.1.1\repository_2021\com\github\jsqlparser\jsqlparser\4.1\jsqlparser-4.1.jar;D:\soft\apache-maven-3.1.1\repository_2021\org\mybatis\mybatis-spring\2.0.6\mybatis-spring-2.0.6.jar;D:\soft\apache-maven-3.1.1\repository_2021\com\baomidou\mybatis-plus-generator\3.5.0\mybatis-plus-generator-3.5.0.jar;D:\soft\apache-maven-3.1.1\repository_2021\com\alibaba\druid-spring-boot-starter\1.2.6\druid-spring-boot-starter-1.2.6.jar;D:\soft\apache-maven-3.1.1\repository_2021\com\alibaba\druid\1.2.6\druid-1.2.6.jar;D:\soft\apache-maven-3.1.1\repository_2021\org\mybatis\spring\boot\mybatis-spring-boot-starter\2.2.0\mybatis-spring-boot-starter-2.2.0.jar;D:\soft\apache-maven-3.1.1\repository_2021\org\mybatis\spring\boot\mybatis-spring-boot-autoconfigure\2.2.0\mybatis-spring-boot-autoconfigure-2.2.0.jar;D:\soft\apache-maven-3.1.1\repository_2021\org\mybatis\mybatis\3.5.7\mybatis-3.5.7.jar;D:\soft\apache-maven-3.1.1\repository_2021\com\alibaba\fastjson\1.2.71\fastjson-1.2.71.jar;D:\soft\apache-maven-3.1.1\repository_2021\org\apache\commons\commons-lang3\3.10\commons-lang3-3.10.jar;"/>
    <property name="sun.cpu.endian" value="little"/>
    <property name="user.home" value="C:\Users\DELL"/>
    <property name="user.language" value="zh"/>
    <property name="java.specification.vendor" value="Oracle Corporation"/>
    <property name="java.home" value="D:\soft\jdk1.8.0_91\jre"/>
    <property name="basedir" value="E:\ideaProject\cloud-demo\es-api"/>
    <property name="file.separator" value="\"/>
    <property name="line.separator" value="&#10;"/>
    <property name="java.vm.specification.vendor" value="Oracle Corporation"/>
    <property name="java.specification.name" value="Java Platform API Specification"/>
    <property name="java.awt.graphicsenv" value="sun.awt.Win32GraphicsEnvironment"/>
    <property name="surefire.real.class.path" value="C:\Users\DELL\AppData\Local\Temp\surefire6537718866248956216\surefirebooter3646623967523302360.jar"/>
    <property name="sun.boot.class.path" value="D:\soft\jdk1.8.0_91\jre\lib\resources.jar;D:\soft\jdk1.8.0_91\jre\lib\rt.jar;D:\soft\jdk1.8.0_91\jre\lib\sunrsasign.jar;D:\soft\jdk1.8.0_91\jre\lib\jsse.jar;D:\soft\jdk1.8.0_91\jre\lib\jce.jar;D:\soft\jdk1.8.0_91\jre\lib\charsets.jar;D:\soft\jdk1.8.0_91\jre\lib\jfr.jar;D:\soft\jdk1.8.0_91\jre\classes"/>
    <property name="user.script" value=""/>
    <property name="sun.management.compiler" value="HotSpot 64-Bit Tiered Compilers"/>
    <property name="java.runtime.version" value="1.8.0_91-b14"/>
    <property name="user.name" value="DELL"/>
    <property name="path.separator" value=";"/>
    <property name="os.version" value="6.1"/>
    <property name="java.endorsed.dirs" value="D:\soft\jdk1.8.0_91\jre\lib\endorsed"/>
    <property name="java.runtime.name" value="Java(TM) SE Runtime Environment"/>
    <property name="file.encoding" value="GBK"/>
    <property name="java.vm.name" value="Java HotSpot(TM) 64-Bit Server VM"/>
    <property name="localRepository" value="D:\soft\apache-maven-3.1.1\repository_2021"/>
    <property name="java.vendor.url.bug" value="http://bugreport.sun.com/bugreport/"/>
    <property name="java.io.tmpdir" value="C:\Users\DELL\AppData\Local\Temp\"/>
    <property name="java.version" value="1.8.0_91"/>
    <property name="user.dir" value="E:\ideaProject\cloud-demo\es-api"/>
    <property name="os.arch" value="amd64"/>
    <property name="java.vm.specification.name" value="Java Virtual Machine Specification"/>
    <property name="java.awt.printerjob" value="sun.awt.windows.WPrinterJob"/>
    <property name="sun.os.patch.level" value="Service Pack 1"/>
    <property name="java.library.path" value="D:\soft\jdk1.8.0_91\jre\bin;C:\Windows\Sun\Java\bin;C:\Windows\system32;C:\Windows;C:\ProgramData\Oracle\Java\javapath;C:\Windows\system32;C:\Windows;C:\Windows\System32\Wbem;C:\Windows\System32\WindowsPowerShell\v1.0\;C:\Program Files\TortoiseSVN\bin;D:\soft\jdk1.8.0_91\bin;D:\soft\jdk1.8.0_91\jre\bin;C:\Users\DELL\AppData\Roaming\nvm;C:\Program Files\nodejs;D:\Program Files (x86)\mysql\bin;D:\soft\scala-2.11.8\bin;D:\soft\spark-2.1.0-bin-hadoop2.7\bin;D:\soft\otp\bin;D:\soft\spark-2.1.0-bin-hadoop2.7\sbin;C:\Program Files\TortoiseGit\bin;D:\soft\Git\bin;D:\soft\neo4j-community-3.4.7-windows\neo4j-community-3.4.7\bin;D:\soft\apache-maven-3.1.1\bin;D:\soft\hadoop-3.0.0\bin;D:\soft\hadoop-3.0.0\sbin;%TOMCAT_HOME\bin;D:\soft\Graphviz2.38\bin;D:\soft\mysql\bin;C:\Program Files (x86)\Windows Kits\8.1\Windows Performance Toolkit\;C:\Program Files\dotnet\;C:\Program Files (x86)\dotnet\;D:\soft\node\nodejs;d:\soft\WinSCP\;C:\Users\DELL\AppData\Roaming\nvm;C:\Program Files\nodejs;C:\Users\DELL\AppData\Local\BypassRuntm;d:\soft\Microsoft VS Code\bin;D:\soft\anaconda3-2020.02;D:\soft\anaconda3-2020.02\Library\bin;D:\soft\anaconda3-2020.02\Scripts;C:\Users\DELL\AppData\Roaming\npm;."/>
    <property name="java.vm.info" value="mixed mode"/>
    <property name="java.vendor" value="Oracle Corporation"/>
    <property name="java.vm.version" value="25.91-b14"/>
    <property name="idea.version2019.3" value="true"/>
    <property name="java.ext.dirs" value="D:\soft\jdk1.8.0_91\jre\lib\ext;C:\Windows\Sun\Java\lib\ext"/>
    <property name="sun.io.unicode.encoding" value="UnicodeLittle"/>
    <property name="maven.repo.local" value="D:\soft\apache-maven-3.1.1\repository_2021"/>
    <property name="java.class.version" value="52.0"/>
  </properties>
  <testcase name="testAddDocument" classname="com.lantone.es.ESDocTests" time="0.001"/>
</testsuite>